<?xml version="1.0" encoding="UTF-8"?>
<!-- Generated by org.testng.reporters.JUnitReportReporter -->
<testsuite hostname="Ahmet-Mac-mini.local" failures="0" tests="7" name="payworks.rest.Automation.test.AppTest" time="4.973" errors="0" timestamp="2020-01-21T00:06:10 EET" skipped="0">
  <testcase classname="payworks.rest.Automation.test.AppTest" name="yaddressGet" time="0.469"/>
  <testcase classname="payworks.rest.Automation.test.AppTest" name="yaddressGet" time="0.509"/>
  <testcase classname="payworks.rest.Automation.test.AppTest" name="yaddressGet" time="0.547"/>
  <testcase classname="payworks.rest.Automation.test.AppTest" name="yaddressGet" time="2.037"/>
  <testcase classname="payworks.rest.Automation.test.AppTest" name="yaddressGet" time="0.458"/>
  <testcase classname="payworks.rest.Automation.test.AppTest" name="yaddressGet" time="0.511"/>
  <testcase classname="payworks.rest.Automation.test.AppTest" name="yaddressGet" time="0.442"/>
</testsuite> <!-- payworks.rest.Automation.test.AppTest -->
