<?xml version="1.0" encoding="UTF-8"?>
<!-- Generated by org.testng.reporters.JUnitReportReporter -->
<testsuite hostname="Ahmet-Mac-mini.local" failures="0" tests="1" name="payworks.rest.Automation.RestWork.AppTest" time="13.716" errors="0" timestamp="2020-01-19T22:25:31 EET" skipped="0">
  <testcase classname="payworks.rest.Automation.RestWork.AppTest" name="test_0001_createBooking" time="13.716"/>
</testsuite> <!-- payworks.rest.Automation.RestWork.AppTest -->
