<?xml version="1.0" encoding="UTF-8"?>
<!-- Generated by org.testng.reporters.JUnitReportReporter -->
<testsuite hostname="Ahmet-Mac-mini.local" failures="0" tests="6" name="payworks.rest.Automation.test.AppTest" time="4.297" errors="0" timestamp="2020-01-20T03:02:10 EET" skipped="0">
  <testcase classname="payworks.rest.Automation.test.AppTest" name="yaddressGet" time="0.442"/>
  <testcase classname="payworks.rest.Automation.test.AppTest" name="yaddressGet" time="0.438"/>
  <testcase classname="payworks.rest.Automation.test.AppTest" name="yaddressGet" time="0.441"/>
  <testcase classname="payworks.rest.Automation.test.AppTest" name="yaddressGet" time="1.980"/>
  <testcase classname="payworks.rest.Automation.test.AppTest" name="yaddressGet" time="0.551"/>
  <testcase classname="payworks.rest.Automation.test.AppTest" name="yaddressGet" time="0.445"/>
</testsuite> <!-- payworks.rest.Automation.test.AppTest -->
